<?xml version="1.0" encoding="UTF-8"?>
<!-- Generated by org.testng.reporters.JUnitReportReporter -->
<testsuite hostname="marco-TP1" failures="0" tests="1" name="cs.ing.software.lab1.PruebaTest" time="0.014" errors="0" timestamp="2021-09-16T02:24:36 PET" skipped="0">
  <testcase classname="cs.ing.software.lab1.PruebaTest" name="Test01" time="0.014"/>
  <system-out/>
</testsuite> <!-- cs.ing.software.lab1.PruebaTest -->
