<?xml version="1.0" encoding="UTF-8"?>
<!-- Generated by org.testng.reporters.JUnitReportReporter -->
<testsuite hostname="marco-TP1" failures="0" tests="82" name="cs.ing.software.lab1.PruebaTest" time="0.064" errors="0" timestamp="2021-09-16T02:45:16 PET" skipped="0">
  <testcase classname="cs.ing.software.lab1.PruebaTest" name="TestDeStress" time="0.000"/>
  <system-out/>
  <testcase classname="cs.ing.software.lab1.PruebaTest" name="TestDeStress" time="0.000"/>
  <system-out/>
  <testcase classname="cs.ing.software.lab1.PruebaTest" name="TestDeStress" time="0.000"/>
  <system-out/>
  <testcase classname="cs.ing.software.lab1.PruebaTest" name="TestDeStress" time="0.000"/>
  <system-out/>
  <testcase classname="cs.ing.software.lab1.PruebaTest" name="TestDeStress" time="0.000"/>
  <system-out/>
  <testcase classname="cs.ing.software.lab1.PruebaTest" name="TestDeStress" time="0.001"/>
  <system-out/>
  <testcase classname="cs.ing.software.lab1.PruebaTest" name="TestDeStress" time="0.004"/>
  <system-out/>
  <testcase classname="cs.ing.software.lab1.PruebaTest" name="TestDeStress" time="0.000"/>
  <system-out/>
  <testcase classname="cs.ing.software.lab1.PruebaTest" name="TestDeStress" time="0.000"/>
  <system-out/>
  <testcase classname="cs.ing.software.lab1.PruebaTest" name="TestDeStress" time="0.001"/>
  <system-out/>
  <testcase classname="cs.ing.software.lab1.PruebaTest" name="TestDeStress" time="0.001"/>
  <system-out/>
  <testcase classname="cs.ing.software.lab1.PruebaTest" name="TestDeStress" time="0.001"/>
  <system-out/>
  <testcase classname="cs.ing.software.lab1.PruebaTest" name="TestDeStress" time="0.000"/>
  <system-out/>
  <testcase classname="cs.ing.software.lab1.PruebaTest" name="TestDeStress" time="0.001"/>
  <system-out/>
  <testcase classname="cs.ing.software.lab1.PruebaTest" name="TestDeStress" time="0.001"/>
  <system-out/>
  <testcase classname="cs.ing.software.lab1.PruebaTest" name="TestDeStress" time="0.000"/>
  <system-out/>
  <testcase classname="cs.ing.software.lab1.PruebaTest" name="TestDeStress" time="0.000"/>
  <system-out/>
  <testcase classname="cs.ing.software.lab1.PruebaTest" name="TestDeStress" time="0.001"/>
  <system-out/>
  <testcase classname="cs.ing.software.lab1.PruebaTest" name="TestDeStress" time="0.001"/>
  <system-out/>
  <testcase classname="cs.ing.software.lab1.PruebaTest" name="TestDeStress" time="0.000"/>
  <system-out/>
  <testcase classname="cs.ing.software.lab1.PruebaTest" name="TestDeStress" time="0.001"/>
  <system-out/>
  <testcase classname="cs.ing.software.lab1.PruebaTest" name="TestDeStress" time="0.000"/>
  <system-out/>
  <testcase classname="cs.ing.software.lab1.PruebaTest" name="TestDeStress" time="0.000"/>
  <system-out/>
  <testcase classname="cs.ing.software.lab1.PruebaTest" name="TestDeStress" time="0.000"/>
  <system-out/>
  <testcase classname="cs.ing.software.lab1.PruebaTest" name="TestDeStress" time="0.000"/>
  <system-out/>
  <testcase classname="cs.ing.software.lab1.PruebaTest" name="TestDeStress" time="0.000"/>
  <system-out/>
  <testcase classname="cs.ing.software.lab1.PruebaTest" name="TestDeStress" time="0.000"/>
  <system-out/>
  <testcase classname="cs.ing.software.lab1.PruebaTest" name="TestDeStress" time="0.000"/>
  <system-out/>
  <testcase classname="cs.ing.software.lab1.PruebaTest" name="TestDeStress" time="0.000"/>
  <system-out/>
  <testcase classname="cs.ing.software.lab1.PruebaTest" name="TestDeStress" time="0.000"/>
  <system-out/>
  <testcase classname="cs.ing.software.lab1.PruebaTest" name="TestDeStress" time="0.000"/>
  <system-out/>
  <testcase classname="cs.ing.software.lab1.PruebaTest" name="Test02" time="0.000"/>
  <system-out/>
  <testcase classname="cs.ing.software.lab1.PruebaTest" name="TestDeStress" time="0.000"/>
  <system-out/>
  <testcase classname="cs.ing.software.lab1.PruebaTest" name="TestDeStress" time="0.001"/>
  <system-out/>
  <testcase classname="cs.ing.software.lab1.PruebaTest" name="TestDeStress" time="0.000"/>
  <system-out/>
  <testcase classname="cs.ing.software.lab1.PruebaTest" name="TestDeStress" time="0.000"/>
  <system-out/>
  <testcase classname="cs.ing.software.lab1.PruebaTest" name="TestDeStress" time="0.001"/>
  <system-out/>
  <testcase classname="cs.ing.software.lab1.PruebaTest" name="TestDeStress" time="0.000"/>
  <system-out/>
  <testcase classname="cs.ing.software.lab1.PruebaTest" name="TestDeStress" time="0.000"/>
  <system-out/>
  <testcase classname="cs.ing.software.lab1.PruebaTest" name="TestDeStress" time="0.000"/>
  <system-out/>
  <testcase classname="cs.ing.software.lab1.PruebaTest" name="TestDeStress" time="0.000"/>
  <system-out/>
  <testcase classname="cs.ing.software.lab1.PruebaTest" name="TestDeStress" time="0.000"/>
  <system-out/>
  <testcase classname="cs.ing.software.lab1.PruebaTest" name="TestDeStress" time="0.000"/>
  <system-out/>
  <testcase classname="cs.ing.software.lab1.PruebaTest" name="TestDeStress" time="0.000"/>
  <system-out/>
  <testcase classname="cs.ing.software.lab1.PruebaTest" name="TestDeStress" time="0.001"/>
  <system-out/>
  <testcase classname="cs.ing.software.lab1.PruebaTest" name="TestDeStress" time="0.001"/>
  <system-out/>
  <testcase classname="cs.ing.software.lab1.PruebaTest" name="TestDeStress" time="0.000"/>
  <system-out/>
  <testcase classname="cs.ing.software.lab1.PruebaTest" name="TestDeStress" time="0.000"/>
  <system-out/>
  <testcase classname="cs.ing.software.lab1.PruebaTest" name="TestDeStress" time="0.000"/>
  <system-out/>
  <testcase classname="cs.ing.software.lab1.PruebaTest" name="TestDeStress" time="0.001"/>
  <system-out/>
  <testcase classname="cs.ing.software.lab1.PruebaTest" name="TestDeStress" time="0.000"/>
  <system-out/>
  <testcase classname="cs.ing.software.lab1.PruebaTest" name="TestDeStress" time="0.000"/>
  <system-out/>
  <testcase classname="cs.ing.software.lab1.PruebaTest" name="TestDeStress" time="0.001"/>
  <system-out/>
  <testcase classname="cs.ing.software.lab1.PruebaTest" name="TestDeStress" time="0.001"/>
  <system-out/>
  <testcase classname="cs.ing.software.lab1.PruebaTest" name="TestDeStress" time="0.000"/>
  <system-out/>
  <testcase classname="cs.ing.software.lab1.PruebaTest" name="TestDeStress" time="0.001"/>
  <system-out/>
  <testcase classname="cs.ing.software.lab1.PruebaTest" name="TestDeStress" time="0.000"/>
  <system-out/>
  <testcase classname="cs.ing.software.lab1.PruebaTest" name="TestDeStress" time="0.001"/>
  <system-out/>
  <testcase classname="cs.ing.software.lab1.PruebaTest" name="TestDeStress" time="0.000"/>
  <system-out/>
  <testcase classname="cs.ing.software.lab1.PruebaTest" name="TestDeStress" time="0.000"/>
  <system-out/>
  <testcase classname="cs.ing.software.lab1.PruebaTest" name="TestDeStress" time="0.000"/>
  <system-out/>
  <testcase classname="cs.ing.software.lab1.PruebaTest" name="TestDeStress" time="0.000"/>
  <system-out/>
  <testcase classname="cs.ing.software.lab1.PruebaTest" name="TestDeStress" time="0.001"/>
  <system-out/>
  <testcase classname="cs.ing.software.lab1.PruebaTest" name="TestDeStress" time="0.001"/>
  <system-out/>
  <testcase classname="cs.ing.software.lab1.PruebaTest" name="TestDeStress" time="0.000"/>
  <system-out/>
  <testcase classname="cs.ing.software.lab1.PruebaTest" name="TestDeStress" time="0.001"/>
  <system-out/>
  <testcase classname="cs.ing.software.lab1.PruebaTest" name="TestDeStress" time="0.001"/>
  <system-out/>
  <testcase classname="cs.ing.software.lab1.PruebaTest" name="TestDeStress" time="0.001"/>
  <system-out/>
  <testcase classname="cs.ing.software.lab1.PruebaTest" name="TestDeStress" time="0.001"/>
  <system-out/>
  <testcase classname="cs.ing.software.lab1.PruebaTest" name="TestDeStress" time="0.001"/>
  <system-out/>
  <testcase classname="cs.ing.software.lab1.PruebaTest" name="TestDeStress" time="0.001"/>
  <system-out/>
  <testcase classname="cs.ing.software.lab1.PruebaTest" name="TestDeStress" time="0.000"/>
  <system-out/>
  <testcase classname="cs.ing.software.lab1.PruebaTest" name="TestDeStress" time="0.002"/>
  <system-out/>
  <testcase classname="cs.ing.software.lab1.PruebaTest" name="TestDeStress" time="0.000"/>
  <system-out/>
  <testcase classname="cs.ing.software.lab1.PruebaTest" name="TestDeStress" time="0.000"/>
  <system-out/>
  <testcase classname="cs.ing.software.lab1.PruebaTest" name="TestDeStress" time="0.001"/>
  <system-out/>
  <testcase classname="cs.ing.software.lab1.PruebaTest" name="TestDeStress" time="0.000"/>
  <system-out/>
  <testcase classname="cs.ing.software.lab1.PruebaTest" name="Test01" time="0.030"/>
  <system-out/>
  <testcase classname="cs.ing.software.lab1.PruebaTest" name="TestDeStress" time="0.000"/>
  <system-out/>
  <testcase classname="cs.ing.software.lab1.PruebaTest" name="TestDeStress" time="0.001"/>
  <system-out/>
  <testcase classname="cs.ing.software.lab1.PruebaTest" name="TestDeStress" time="0.000"/>
  <system-out/>
  <testcase classname="cs.ing.software.lab1.PruebaTest" name="TestDeStress" time="0.000"/>
  <system-out/>
</testsuite> <!-- cs.ing.software.lab1.PruebaTest -->
